
--- Job Punto3_L1.gms Start 02/18/23 13:12:20 41.5.0 2a5a4ddc WEX-WEI x86 64bit/MS Windows
--- Applying:
    C:\GAMS\41\gmsprmNT.txt
--- GAMS Parameters defined
    Input "C:\Users\elpin\OneDrive - Universidad de los Andes\7mo_semestre\MOS\Punto3_L1.gms"
    PageSize 0
    ScrDir "C:\Users\elpin\OneDrive - Universidad de los Andes\7mo_semestre\MOS\225a\"
    SysDir C:\GAMS\41\
    LogOption 3
    ErrMsg 1
    ErrorLog 99
    IDE 1
    LstTitleLeftAligned 1
Licensee: GAMS Demo license for William Mendez           G230124|0002CO-GEN
          Universidad de los Andes, Colombia                       DL083586
          C:\GAMS\41\gamslice.txt
          w.mendez@uniandes.edu.co, William Mendez                         
          Demo license for demonstration and instructional purposes only
Processor information: 1 socket(s), 4 core(s), and 8 thread(s) available
GAMS 41.5.0   Copyright (C) 1987-2023 GAMS Development. All rights reserved
--- Starting compilation
--- Punto3_L1.gms(40) 3 Mb
--- Starting execution: elapsed 0:00:00.035
--- Punto3_L1.gms(36) 4 Mb
--- Generating MIP model modell
--- Punto3_L1.gms(32) 4 Mb
*** Error at line 32: Equation infeasible due to rhs value
--- Punto3_L1.gms(33) 4 Mb 1 Error
*** Error at line 33: Equation infeasible due to rhs value
--- Punto3_L1.gms(37) 4 Mb 2 Errors
*** SOLVE aborted
--- Punto3_L1.gms(37) 4 Mb 2 Errors
*** Status: Execution error(s)
--- Job Punto3_L1.gms Stop 02/18/23 13:12:20 elapsed 0:00:00.035
